0 info it worked if it ends with ok
1 verbose cli [ '/usr/local/Cellar/node/6.5.0/bin/node',
1 verbose cli   '/usr/local/bin/npm',
1 verbose cli   'run',
1 verbose cli   'test-storybook',
1 verbose cli   '--',
1 verbose cli   '-i' ]
2 info using npm@3.10.3
3 info using node@v6.5.0
4 verbose run-script [ 'pretest-storybook', 'test-storybook', 'posttest-storybook' ]
5 info lifecycle redux-todomvc-example@0.0.0~pretest-storybook: redux-todomvc-example@0.0.0
6 silly lifecycle redux-todomvc-example@0.0.0~pretest-storybook: no script for pretest-storybook, continuing
7 info lifecycle redux-todomvc-example@0.0.0~test-storybook: redux-todomvc-example@0.0.0
8 verbose lifecycle redux-todomvc-example@0.0.0~test-storybook: unsafe-perm in lifecycle true
9 verbose lifecycle redux-todomvc-example@0.0.0~test-storybook: PATH: /usr/local/lib/node_modules/npm/bin/node-gyp-bin:/Users/kitagawa/workspace/react-storybook-demo/node_modules/.bin:/usr/local/Cellar/node/6.5.0/bin:/Users/kitagawa/go_work/bin:/Users/kitagawa/bin:/usr/local/bin:/usr/local:/usr/local/sbin:/usr/local/bin:/usr/bin:/bin:/usr/sbin:/sbin:/Users/kitagawa/go_work/bin:/Users/kitagawa/bin:/usr/local:/usr/local/sbin
10 verbose lifecycle redux-todomvc-example@0.0.0~test-storybook: CWD: /Users/kitagawa/workspace/react-storybook-demo
11 silly lifecycle redux-todomvc-example@0.0.0~test-storybook: Args: [ '-c', 'storyshots "-i"' ]
12 silly lifecycle redux-todomvc-example@0.0.0~test-storybook: Returned: code: 1  signal: null
13 info lifecycle redux-todomvc-example@0.0.0~test-storybook: Failed to exec test-storybook script
14 verbose stack Error: redux-todomvc-example@0.0.0 test-storybook: `storyshots "-i"`
14 verbose stack Exit status 1
14 verbose stack     at EventEmitter.<anonymous> (/usr/local/lib/node_modules/npm/lib/utils/lifecycle.js:242:16)
14 verbose stack     at emitTwo (events.js:106:13)
14 verbose stack     at EventEmitter.emit (events.js:191:7)
14 verbose stack     at ChildProcess.<anonymous> (/usr/local/lib/node_modules/npm/lib/utils/spawn.js:40:14)
14 verbose stack     at emitTwo (events.js:106:13)
14 verbose stack     at ChildProcess.emit (events.js:191:7)
14 verbose stack     at maybeClose (internal/child_process.js:877:16)
14 verbose stack     at Process.ChildProcess._handle.onexit (internal/child_process.js:226:5)
15 verbose pkgid redux-todomvc-example@0.0.0
16 verbose cwd /Users/kitagawa/workspace/react-storybook-demo
17 error Darwin 15.6.0
18 error argv "/usr/local/Cellar/node/6.5.0/bin/node" "/usr/local/bin/npm" "run" "test-storybook" "--" "-i"
19 error node v6.5.0
20 error npm  v3.10.3
21 error code ELIFECYCLE
22 error redux-todomvc-example@0.0.0 test-storybook: `storyshots "-i"`
22 error Exit status 1
23 error Failed at the redux-todomvc-example@0.0.0 test-storybook script 'storyshots "-i"'.
23 error Make sure you have the latest version of node.js and npm installed.
23 error If you do, this is most likely a problem with the redux-todomvc-example package,
23 error not with npm itself.
23 error Tell the author that this fails on your system:
23 error     storyshots "-i"
23 error You can get information on how to open an issue for this project with:
23 error     npm bugs redux-todomvc-example
23 error Or if that isn't available, you can get their info via:
23 error     npm owner ls redux-todomvc-example
23 error There is likely additional logging output above.
24 verbose exit [ 1, true ]
